silly build arg [ 'project', 'fHkAJ0KQlbMjDTMXmvO_jI8z' ]
silly build arg [ 'app', 'fHkAJ4W1tR2gs3k3WthIqogV' ]
silly build arg [ 'cloud_app', 'fHkAJ4obKJ97VZAoGEMgXpyd' ]
silly build arg [ 'tag', '0.2.0' ]
silly build arg [ 'destination', 'android' ]
silly build arg [ 'version', '4.0' ]
silly build arg [ 'config', 'dev' ]
silly build arg [ 'keypass', '' ]
verbose feedhenry url https://ngui-demo.sandbox.feedhenry.com/
silly POST box/srv/1.1/wid/ngui-demo/android/fHkAJ4W1tR2gs3k3WthIqogV/deliver
silly url, unparsed https://ngui-demo.sandbox.feedhenry.com/
verbose resolveUrl - IN box/srv/1.1/wid/ngui-demo/android/fHkAJ4W1tR2gs3k3WthIqogV/deliver
verbose resolveUrl - OUT https://ngui-demo.sandbox.feedhenry.com/box/srv/1.1/wid/ngui-demo/android/fHkAJ4W1tR2gs3k3WthIqogV/deliver
verbose calling url https://ngui-demo.sandbox.feedhenry.com/box/srv/1.1/wid/ngui-demo/android/fHkAJ4W1tR2gs3k3WthIqogV/deliver payload: 'generateSrc=false&project=fHkAJ0KQlbMjDTMXmvO_jI8z&app=fHkAJ4W1tR2gs3k3WthIqogV&cloud_app=fHkAJ4obKJ97VZAoGEMgXpyd&tag=0.2.0&destination=android&version=4.0&config=dev&keypass='
silly port 443
silly cookie feedhenry=5FbibL4zq0VWZgCbSJar8rNe;
silly nocache false
silly explain level 0
verbose getHeaders { accept: 'application/json',
verbose getHeaders   cookie: 'feedhenry=5FbibL4zq0VWZgCbSJar8rNe;',
verbose getHeaders   'User-Agent': 'FHC/1.0.0-478 darwin/14.0.0',
verbose getHeaders   'content-type': 'application/json',
verbose getHeaders   'content-length': 176 }
verbose what... generateSrc=false&project=fHkAJ0KQlbMjDTMXmvO_jI8z&app=fHkAJ4W1tR2gs3k3WthIqogV&cloud_app=fHkAJ4obKJ97VZAoGEMgXpyd&tag=0.2.0&destination=android&version=4.0&config=dev&keypass=
silly writing json generateSrc=false&project=fHkAJ0KQlbMjDTMXmvO_jI8z&app=fHkAJ4W1tR2gs3k3WthIqogV&cloud_app=fHkAJ4obKJ97VZAoGEMgXpyd&tag=0.2.0&destination=android&version=4.0&config=dev&keypass=
silly headers { accept: 'application/json',
silly headers   cookie: 'feedhenry=5FbibL4zq0VWZgCbSJar8rNe;',
silly headers   'User-Agent': 'FHC/1.0.0-478 darwin/14.0.0',
silly headers   'content-type': 'application/json',
silly headers   'content-length': 176 }
silly getProxy null
silly response headers { date: 'Wed, 11 Mar 2015 13:12:17 GMT',
silly response headers   expires: 'Sat, 6 May 1995 12:00:00 GMT',
silly response headers   'cache-control': 'no-store, no-cache, must-revalidate',
silly response headers   pragma: '',
silly response headers   p3p: 'CP="ALL ADM DEV PSAi COM OUR OTRo STP IND ONL" policyref="/box/p3p.xml"',
silly response headers   etag: '"1426079538259"',
silly response headers   'content-type': 'application/json;charset=UTF-8',
silly response headers   'content-length': '48',
silly response headers   vary: 'Accept-Encoding',
silly response headers   'keep-alive': 'timeout=5, max=100',
silly response headers   connection: 'Keep-Alive' }
silly Polling polling for cacheKey: 96287858902d3ad5162eff50592ca5e9 start: 0 to complete
verbose feedhenry url https://ngui-demo.sandbox.feedhenry.com/
silly GET box/srv/1.1/dat/log/read?cacheKeys=[{%22cacheKey%22:%2296287858902d3ad5162eff50592ca5e9%22,%22start%22:0}]
silly url, unparsed https://ngui-demo.sandbox.feedhenry.com/
verbose resolveUrl - IN box/srv/1.1/dat/log/read?cacheKeys=[{%22cacheKey%22:%2296287858902d3ad5162eff50592ca5e9%22,%22start%22:0}]
verbose resolveUrl - OUT https://ngui-demo.sandbox.feedhenry.com/box/srv/1.1/dat/log/read?cacheKeys=[{%22cacheKey%22:%2296287858902d3ad5162eff50592ca5e9%22,%22start%22:0}]
verbose calling url https://ngui-demo.sandbox.feedhenry.com/box/srv/1.1/dat/log/read?cacheKeys=[{%22cacheKey%22:%2296287858902d3ad5162eff50592ca5e9%22,%22start%22:0}] payload: null
silly port 443
silly cookie feedhenry=5FbibL4zq0VWZgCbSJar8rNe;
silly nocache false
silly explain level 0
verbose getHeaders { accept: 'application/json',
verbose getHeaders   cookie: 'feedhenry=5FbibL4zq0VWZgCbSJar8rNe;',
verbose getHeaders   'User-Agent': 'FHC/1.0.0-478 darwin/14.0.0',
verbose getHeaders   'content-length': 0 }
silly headers { accept: 'application/json',
silly headers   cookie: 'feedhenry=5FbibL4zq0VWZgCbSJar8rNe;',
silly headers   'User-Agent': 'FHC/1.0.0-478 darwin/14.0.0',
silly headers   'content-length': 0 }
silly getProxy null
silly response headers { date: 'Wed, 11 Mar 2015 13:12:19 GMT',
silly response headers   expires: 'Sat, 6 May 1995 12:00:00 GMT',
silly response headers   'cache-control': 'no-store, no-cache, must-revalidate',
silly response headers   p3p: 'CP="ALL ADM DEV PSAi COM OUR OTRo STP IND ONL" policyref="/box/p3p.xml"',
silly response headers   pragma: 'no-cache',
silly response headers   'last-modified': 'Wed, 11 Mar 2015 13:12:20 GMT',
silly response headers   etag: '"Dkl77BC4Er_XGtuoxyrK5V"',
silly response headers   'content-type': 'application/json;charset=UTF-8',
silly response headers   'content-length': '117',
silly response headers   vary: 'Accept-Encoding',
silly response headers   'keep-alive': 'timeout=5, max=100',
silly response headers   connection: 'Keep-Alive' }
ERR! [ { action: {},
ERR!     cacheKey: '96287858902d3ad5162eff50592ca5e9',
ERR!     error: '',
ERR!     log: [ 'Generation Failed' ],
ERR!     status: 'error' } ]
verbose exit [ 1, true ]
